<?xml version="1.0" encoding="utf-8" standalone="no"?>
<!--This file represents the results of running a test suite-->
<test-results name="C:\Documents and Settings\kevin.Wen\My Documents\visual studio 2010\Projects\OESWCF\OESTest\bin\Debug\OESTest.dll" total="0" errors="0" failures="0" not-run="0" inconclusive="0" ignored="0" skipped="0" invalid="0" date="2017-01-04" time="10:22:35">
  <environment nunit-version="2.5.10.11092" clr-version="2.0.50727.3053" os-version="Microsoft Windows NT 5.1.2600 Service Pack 3" platform="Win32NT" cwd="D:\DotNet\NUnit-2.5.10.11092\bin\net-2.0" machine-name="YT00701" user="Kevin.Wen" user-domain="YZ" />
  <culture-info current-culture="zh-CN" current-uiculture="zh-CN" />
  <test-suite type="Assembly" name="C:\Documents and Settings\kevin.Wen\My Documents\visual studio 2010\Projects\OESWCF\OESTest\bin\Debug\OESTest.dll" executed="True" result="Inconclusive" success="False" time="0.016" asserts="0" />
</test-results>