<?xml version="1.0" encoding="UTF-8"?>
<TestRun id="2f8493b7-1397-4e84-af84-24564f1b393d" name="Kevin.Wen@YT00701 2017-01-04 11:30:35" runUser="YZ\Kevin.Wen" xmlns="http://microsoft.com/schemas/VisualStudio/TeamTest/2010">
  <TestSettings name="Local" id="1b3899ad-4715-4765-a81c-34792c38b687">
    <Description>These are default test settings for a local test run.</Description>
    <Deployment enabled="false" runDeploymentRoot="Kevin.Wen_YT00701 2017-01-04 11_30_35">
      <DeploymentItem filename="C:\Documents and Settings\kevin.Wen\my documents\visual studio 2010\Projects\OESWCF\OESModel\bin\Debug\OESModel.dll" />
      <DeploymentItem filename="D:\DotNet\NUnit-2.5.10.11092\bin\net-2.0\framework\nunit.framework.dll" />
      <DeploymentItem filename="C:\Documents and Settings\kevin.Wen\my documents\visual studio 2010\Projects\OESWCF\OESLogic\bin\Debug\OESLogic.dll" />
      <DeploymentItem filename="C:\Documents and Settings\kevin.Wen\my documents\visual studio 2010\Projects\OESWCF\OESUtil\bin\Debug\OESUtil.dll" />
      <DeploymentItem filename="C:\Documents and Settings\kevin.Wen\my documents\visual studio 2010\Projects\OESWCF\OESException\bin\Debug\OESException.dll" />
    </Deployment>
    <Execution>
      <TestTypeSpecific />
      <AgentRule name="Execution Agents">
      </AgentRule>
    </Execution>
  </TestSettings>
  <Times creation="2017-01-04T11:30:35.7533026+08:00" queuing="2017-01-04T11:30:37.4533429+08:00" start="2017-01-04T11:30:37.7184868+08:00" finish="2017-01-04T11:31:13.2633661+08:00" />
  <ResultSummary outcome="Error">
    <Counters total="3" executed="1" error="0" failed="0" timeout="0" aborted="1" inconclusive="0" passedButRunAborted="0" notRunnable="0" notExecuted="2" disconnected="0" warning="0" passed="0" completed="0" inProgress="0" pending="0" />
    <RunInfos>
      <RunInfo computerName="YT00701" outcome="Error" timestamp="2017-01-04T11:31:13.2477694+08:00">
        <Text>Test host process exited unexpectedly.</Text>
      </RunInfo>
    </RunInfos>
  </ResultSummary>
  <TestDefinitions>
    <UnitTest name="LoginTest" storage="c:\documents and settings\kevin.wen\my documents\visual studio 2010\projects\oeswcf\oestest\bin\debug\oestest.dll" id="b0c3d100-8f8b-d1b5-02cd-978e77b9e4a7">
      <Execution id="45e16559-0fa7-4cde-b538-2020480876af" />
      <TestMethod codeBase="C:/Documents and Settings/kevin.Wen/my documents/visual studio 2010/Projects/OESWCF/OESTest/bin/Debug/OESTest.DLL" adapterTypeName="Microsoft.VisualStudio.TestTools.TestTypes.Unit.UnitTestAdapter, Microsoft.VisualStudio.QualityTools.Tips.UnitTest.Adapter, Version=10.0.0.0, Culture=neutral, PublicKeyToken=b03f5f7f11d50a3a" className="OESTest.UserServiceTest, OESTest, Version=1.0.0.0, Culture=neutral, PublicKeyToken=null" name="LoginTest" />
    </UnitTest>
    <UnitTest name="LoginUserNotExistTest" storage="c:\documents and settings\kevin.wen\my documents\visual studio 2010\projects\oeswcf\oestest\bin\debug\oestest.dll" id="c4554dac-e668-ebdc-32ae-a581845cce87">
      <Execution id="e9f11494-5190-4bf9-9732-a168492365b5" />
      <TestMethod codeBase="C:/Documents and Settings/kevin.Wen/my documents/visual studio 2010/Projects/OESWCF/OESTest/bin/Debug/OESTest.DLL" adapterTypeName="Microsoft.VisualStudio.TestTools.TestTypes.Unit.UnitTestAdapter, Microsoft.VisualStudio.QualityTools.Tips.UnitTest.Adapter, Version=10.0.0.0, Culture=neutral, PublicKeyToken=b03f5f7f11d50a3a" className="OESTest.UserServiceTest, OESTest, Version=1.0.0.0, Culture=neutral, PublicKeyToken=null" name="LoginUserNotExistTest" />
    </UnitTest>
    <UnitTest name="LoginWithIncorrectPasswordTest" storage="c:\documents and settings\kevin.wen\my documents\visual studio 2010\projects\oeswcf\oestest\bin\debug\oestest.dll" id="7a2e40a1-e93e-2db5-4424-dd3f02c07f13">
      <Execution id="632cae53-069f-4897-8506-eba4126c262f" />
      <TestMethod codeBase="C:/Documents and Settings/kevin.Wen/my documents/visual studio 2010/Projects/OESWCF/OESTest/bin/Debug/OESTest.DLL" adapterTypeName="Microsoft.VisualStudio.TestTools.TestTypes.Unit.UnitTestAdapter, Microsoft.VisualStudio.QualityTools.Tips.UnitTest.Adapter, Version=10.0.0.0, Culture=neutral, PublicKeyToken=b03f5f7f11d50a3a" className="OESTest.UserServiceTest, OESTest, Version=1.0.0.0, Culture=neutral, PublicKeyToken=null" name="LoginWithIncorrectPasswordTest" />
    </UnitTest>
  </TestDefinitions>
  <TestLists>
    <TestList name="Results Not in a List" id="8c84fa94-04c1-424b-9868-57a2d4851a1d" />
    <TestList name="All Loaded Results" id="19431567-8539-422a-85d7-44ee4e166bda" />
  </TestLists>
  <TestEntries>
    <TestEntry testId="7a2e40a1-e93e-2db5-4424-dd3f02c07f13" executionId="632cae53-069f-4897-8506-eba4126c262f" testListId="8c84fa94-04c1-424b-9868-57a2d4851a1d" />
    <TestEntry testId="b0c3d100-8f8b-d1b5-02cd-978e77b9e4a7" executionId="45e16559-0fa7-4cde-b538-2020480876af" testListId="8c84fa94-04c1-424b-9868-57a2d4851a1d" />
    <TestEntry testId="c4554dac-e668-ebdc-32ae-a581845cce87" executionId="e9f11494-5190-4bf9-9732-a168492365b5" testListId="8c84fa94-04c1-424b-9868-57a2d4851a1d" />
  </TestEntries>
  <Results>
    <UnitTestResult executionId="632cae53-069f-4897-8506-eba4126c262f" testId="7a2e40a1-e93e-2db5-4424-dd3f02c07f13" testName="LoginWithIncorrectPasswordTest" computerName="YT00701" duration="00:00:35.3109288" startTime="2017-01-04T11:30:37.9524373+08:00" endTime="2017-01-04T11:31:13.2633661+08:00" testType="13cdc9d9-ddb5-4fa4-a97d-d965ccfc6d4b" outcome="Aborted" testListId="8c84fa94-04c1-424b-9868-57a2d4851a1d" relativeResultsDirectory="632cae53-069f-4897-8506-eba4126c262f">
    </UnitTestResult>
    <UnitTestResult executionId="45e16559-0fa7-4cde-b538-2020480876af" testId="b0c3d100-8f8b-d1b5-02cd-978e77b9e4a7" testName="LoginTest" computerName="YT00701" testType="13cdc9d9-ddb5-4fa4-a97d-d965ccfc6d4b" outcome="NotExecuted" testListId="8c84fa94-04c1-424b-9868-57a2d4851a1d" relativeResultsDirectory="45e16559-0fa7-4cde-b538-2020480876af">
    </UnitTestResult>
    <UnitTestResult executionId="e9f11494-5190-4bf9-9732-a168492365b5" testId="c4554dac-e668-ebdc-32ae-a581845cce87" testName="LoginUserNotExistTest" computerName="YT00701" testType="13cdc9d9-ddb5-4fa4-a97d-d965ccfc6d4b" outcome="NotExecuted" testListId="8c84fa94-04c1-424b-9868-57a2d4851a1d" relativeResultsDirectory="e9f11494-5190-4bf9-9732-a168492365b5">
    </UnitTestResult>
  </Results>
</TestRun>